Determining if the pthread_create exist failed with the following output:
Change Dir: /home/shankar/Desktop/cmudb/build/CMakeFiles/CMakeTmp

Run Build Command:"/usr/bin/make" "cmTC_b1c4a/fast"
/usr/bin/make -f CMakeFiles/cmTC_b1c4a.dir/build.make CMakeFiles/cmTC_b1c4a.dir/build
make[1]: Entering directory '/home/shankar/Desktop/cmudb/build/CMakeFiles/CMakeTmp'
Building C object CMakeFiles/cmTC_b1c4a.dir/CheckSymbolExists.c.o
/usr/bin/cc     -o CMakeFiles/cmTC_b1c4a.dir/CheckSymbolExists.c.o   -c /home/shankar/Desktop/cmudb/build/CMakeFiles/CMakeTmp/CheckSymbolExists.c
Linking C executable cmTC_b1c4a
/usr/bin/cmake -E cmake_link_script CMakeFiles/cmTC_b1c4a.dir/link.txt --verbose=1
/usr/bin/cc       CMakeFiles/cmTC_b1c4a.dir/CheckSymbolExists.c.o  -o cmTC_b1c4a -rdynamic 
CMakeFiles/cmTC_b1c4a.dir/CheckSymbolExists.c.o: In function `main':
CheckSymbolExists.c:(.text+0xa): undefined reference to `pthread_create'
collect2: error: ld returned 1 exit status
CMakeFiles/cmTC_b1c4a.dir/build.make:97: recipe for target 'cmTC_b1c4a' failed
make[1]: *** [cmTC_b1c4a] Error 1
make[1]: Leaving directory '/home/shankar/Desktop/cmudb/build/CMakeFiles/CMakeTmp'
Makefile:126: recipe for target 'cmTC_b1c4a/fast' failed
make: *** [cmTC_b1c4a/fast] Error 2

File /home/shankar/Desktop/cmudb/build/CMakeFiles/CMakeTmp/CheckSymbolExists.c:
/* */
#include <pthread.h>

int main(int argc, char** argv)
{
  (void)argv;
#ifndef pthread_create
  return ((int*)(&pthread_create))[argc];
#else
  (void)argc;
  return 0;
#endif
}

Determining if the function pthread_create exists in the pthreads failed with the following output:
Change Dir: /home/shankar/Desktop/cmudb/build/CMakeFiles/CMakeTmp

Run Build Command:"/usr/bin/make" "cmTC_ca6db/fast"
/usr/bin/make -f CMakeFiles/cmTC_ca6db.dir/build.make CMakeFiles/cmTC_ca6db.dir/build
make[1]: Entering directory '/home/shankar/Desktop/cmudb/build/CMakeFiles/CMakeTmp'
Building C object CMakeFiles/cmTC_ca6db.dir/CheckFunctionExists.c.o
/usr/bin/cc    -DCHECK_FUNCTION_EXISTS=pthread_create   -o CMakeFiles/cmTC_ca6db.dir/CheckFunctionExists.c.o   -c /usr/share/cmake-3.5/Modules/CheckFunctionExists.c
Linking C executable cmTC_ca6db
/usr/bin/cmake -E cmake_link_script CMakeFiles/cmTC_ca6db.dir/link.txt --verbose=1
/usr/bin/cc   -DCHECK_FUNCTION_EXISTS=pthread_create    CMakeFiles/cmTC_ca6db.dir/CheckFunctionExists.c.o  -o cmTC_ca6db -rdynamic -lpthreads 
/usr/bin/ld: cannot find -lpthreads
collect2: error: ld returned 1 exit status
CMakeFiles/cmTC_ca6db.dir/build.make:97: recipe for target 'cmTC_ca6db' failed
make[1]: *** [cmTC_ca6db] Error 1
make[1]: Leaving directory '/home/shankar/Desktop/cmudb/build/CMakeFiles/CMakeTmp'
Makefile:126: recipe for target 'cmTC_ca6db/fast' failed
make: *** [cmTC_ca6db/fast] Error 2


